...found 3 targets...
...updating 1 target...
link.mklink bin.v2\test-symlink
이 작업을 수행할 수 있는 권한이 없습니다.

    if exist "bin.v2\test-symlink" del "bin.v2\test-symlink"
    mklink "bin.v2\test-symlink" "test-symlink-source"

...failed link.mklink bin.v2\test-symlink...
...failed updating 1 target...
...found 2 targets...
...found 3 targets...
...found 11 targets...
...updating 1 target...
compile-c-c++ bin.v2\standalone\ac\msvc-12.0\debug\address-model-64\threading-multi\zlib_h.obj
zlib_h.cpp
bin.v2\standalone\ac\zlib_h.cpp(1) : fatal error C1083: 포함 파일을 열 수 없습니다. 'zlib.h': No such file or directory

    call "C:\Users\Master\AppData\Local\Temp\b2_msvc_12.0_vcvarsall_amd64.cmd" >nul
cl /Zm800 -nologo @"bin.v2\standalone\ac\msvc-12.0\debug\address-model-64\threading-multi\zlib_h.obj.rsp" 

...failed compile-c-c++ bin.v2\standalone\ac\msvc-12.0\debug\address-model-64\threading-multi\zlib_h.obj...
...failed updating 1 target...
...found 6 targets...
...updating 2 targets...
msvc.link bin.v2\standalone\ac\msvc-12.0\debug\address-model-64\threading-multi\z.exe
LINK : fatal error LNK1181: 'z.lib' 입력 파일을 열 수 없습니다.

        call "C:\Users\Master\AppData\Local\Temp\b2_msvc_12.0_vcvarsall_amd64.cmd" >nul
link /NOLOGO /INCREMENTAL:NO /DEBUG /MACHINE:X64 /MANIFEST /subsystem:console /out:"bin.v2\standalone\ac\msvc-12.0\debug\address-model-64\threading-multi\z.exe"   @"bin.v2\standalone\ac\msvc-12.0\debug\address-model-64\threading-multi\z.exe.rsp"
        if %ERRORLEVEL% NEQ 0 EXIT %ERRORLEVEL%
    
...failed msvc.link bin.v2\standalone\ac\msvc-12.0\debug\address-model-64\threading-multi\z.exe bin.v2\standalone\ac\msvc-12.0\debug\address-model-64\threading-multi\z.pdb...
...failed updating 2 targets...
...found 2 targets...
...updating 2 targets...
msvc.link bin.v2\standalone\ac\msvc-12.0\debug\address-model-64\threading-multi\zlib.exe
LINK : fatal error LNK1181: 'zlib.lib' 입력 파일을 열 수 없습니다.

        call "C:\Users\Master\AppData\Local\Temp\b2_msvc_12.0_vcvarsall_amd64.cmd" >nul
link /NOLOGO /INCREMENTAL:NO /DEBUG /MACHINE:X64 /MANIFEST /subsystem:console /out:"bin.v2\standalone\ac\msvc-12.0\debug\address-model-64\threading-multi\zlib.exe"   @"bin.v2\standalone\ac\msvc-12.0\debug\address-model-64\threading-multi\zlib.exe.rsp"
        if %ERRORLEVEL% NEQ 0 EXIT %ERRORLEVEL%
    
...failed msvc.link bin.v2\standalone\ac\msvc-12.0\debug\address-model-64\threading-multi\zlib.exe bin.v2\standalone\ac\msvc-12.0\debug\address-model-64\threading-multi\zlib.pdb...
...failed updating 2 targets...
...found 2 targets...
...updating 2 targets...
msvc.link bin.v2\standalone\ac\msvc-12.0\debug\address-model-64\threading-multi\zll.exe
LINK : fatal error LNK1181: 'zll.lib' 입력 파일을 열 수 없습니다.

        call "C:\Users\Master\AppData\Local\Temp\b2_msvc_12.0_vcvarsall_amd64.cmd" >nul
link /NOLOGO /INCREMENTAL:NO /DEBUG /MACHINE:X64 /MANIFEST /subsystem:console /out:"bin.v2\standalone\ac\msvc-12.0\debug\address-model-64\threading-multi\zll.exe"   @"bin.v2\standalone\ac\msvc-12.0\debug\address-model-64\threading-multi\zll.exe.rsp"
        if %ERRORLEVEL% NEQ 0 EXIT %ERRORLEVEL%
    
...failed msvc.link bin.v2\standalone\ac\msvc-12.0\debug\address-model-64\threading-multi\zll.exe bin.v2\standalone\ac\msvc-12.0\debug\address-model-64\threading-multi\zll.pdb...
...failed updating 2 targets...
...found 2 targets...
...updating 2 targets...
msvc.link bin.v2\standalone\ac\msvc-12.0\debug\address-model-64\threading-multi\zdll.exe
LINK : fatal error LNK1181: 'zdll.lib' 입력 파일을 열 수 없습니다.

        call "C:\Users\Master\AppData\Local\Temp\b2_msvc_12.0_vcvarsall_amd64.cmd" >nul
link /NOLOGO /INCREMENTAL:NO /DEBUG /MACHINE:X64 /MANIFEST /subsystem:console /out:"bin.v2\standalone\ac\msvc-12.0\debug\address-model-64\threading-multi\zdll.exe"   @"bin.v2\standalone\ac\msvc-12.0\debug\address-model-64\threading-multi\zdll.exe.rsp"
        if %ERRORLEVEL% NEQ 0 EXIT %ERRORLEVEL%
    
...failed msvc.link bin.v2\standalone\ac\msvc-12.0\debug\address-model-64\threading-multi\zdll.exe bin.v2\standalone\ac\msvc-12.0\debug\address-model-64\threading-multi\zdll.pdb...
...failed updating 2 targets...
...found 5 targets...
...updating 2 targets...
msvc.link bin.v2\standalone\ac\msvc-12.0\debug\address-model-64\link-static\threading-multi\z.exe
LINK : fatal error LNK1181: 'z.lib' 입력 파일을 열 수 없습니다.

        call "C:\Users\Master\AppData\Local\Temp\b2_msvc_12.0_vcvarsall_amd64.cmd" >nul
link /NOLOGO /INCREMENTAL:NO /DEBUG /MACHINE:X64 /MANIFEST /subsystem:console /out:"bin.v2\standalone\ac\msvc-12.0\debug\address-model-64\link-static\threading-multi\z.exe"   @"bin.v2\standalone\ac\msvc-12.0\debug\address-model-64\link-static\threading-multi\z.exe.rsp"
        if %ERRORLEVEL% NEQ 0 EXIT %ERRORLEVEL%
    
...failed msvc.link bin.v2\standalone\ac\msvc-12.0\debug\address-model-64\link-static\threading-multi\z.exe bin.v2\standalone\ac\msvc-12.0\debug\address-model-64\link-static\threading-multi\z.pdb...
...failed updating 2 targets...
...found 2 targets...
...updating 2 targets...
msvc.link bin.v2\standalone\ac\msvc-12.0\debug\address-model-64\link-static\threading-multi\zlib.exe
LINK : fatal error LNK1181: 'zlib.lib' 입력 파일을 열 수 없습니다.

        call "C:\Users\Master\AppData\Local\Temp\b2_msvc_12.0_vcvarsall_amd64.cmd" >nul
link /NOLOGO /INCREMENTAL:NO /DEBUG /MACHINE:X64 /MANIFEST /subsystem:console /out:"bin.v2\standalone\ac\msvc-12.0\debug\address-model-64\link-static\threading-multi\zlib.exe"   @"bin.v2\standalone\ac\msvc-12.0\debug\address-model-64\link-static\threading-multi\zlib.exe.rsp"
        if %ERRORLEVEL% NEQ 0 EXIT %ERRORLEVEL%
    
...failed msvc.link bin.v2\standalone\ac\msvc-12.0\debug\address-model-64\link-static\threading-multi\zlib.exe bin.v2\standalone\ac\msvc-12.0\debug\address-model-64\link-static\threading-multi\zlib.pdb...
...failed updating 2 targets...
...found 2 targets...
...updating 2 targets...
msvc.link bin.v2\standalone\ac\msvc-12.0\debug\address-model-64\link-static\threading-multi\zll.exe
LINK : fatal error LNK1181: 'zll.lib' 입력 파일을 열 수 없습니다.

        call "C:\Users\Master\AppData\Local\Temp\b2_msvc_12.0_vcvarsall_amd64.cmd" >nul
link /NOLOGO /INCREMENTAL:NO /DEBUG /MACHINE:X64 /MANIFEST /subsystem:console /out:"bin.v2\standalone\ac\msvc-12.0\debug\address-model-64\link-static\threading-multi\zll.exe"   @"bin.v2\standalone\ac\msvc-12.0\debug\address-model-64\link-static\threading-multi\zll.exe.rsp"
        if %ERRORLEVEL% NEQ 0 EXIT %ERRORLEVEL%
    
...failed msvc.link bin.v2\standalone\ac\msvc-12.0\debug\address-model-64\link-static\threading-multi\zll.exe bin.v2\standalone\ac\msvc-12.0\debug\address-model-64\link-static\threading-multi\zll.pdb...
...failed updating 2 targets...
...found 2 targets...
...updating 2 targets...
msvc.link bin.v2\standalone\ac\msvc-12.0\debug\address-model-64\link-static\threading-multi\zdll.exe
LINK : fatal error LNK1181: 'zdll.lib' 입력 파일을 열 수 없습니다.

        call "C:\Users\Master\AppData\Local\Temp\b2_msvc_12.0_vcvarsall_amd64.cmd" >nul
link /NOLOGO /INCREMENTAL:NO /DEBUG /MACHINE:X64 /MANIFEST /subsystem:console /out:"bin.v2\standalone\ac\msvc-12.0\debug\address-model-64\link-static\threading-multi\zdll.exe"   @"bin.v2\standalone\ac\msvc-12.0\debug\address-model-64\link-static\threading-multi\zdll.exe.rsp"
        if %ERRORLEVEL% NEQ 0 EXIT %ERRORLEVEL%
    
...failed msvc.link bin.v2\standalone\ac\msvc-12.0\debug\address-model-64\link-static\threading-multi\zdll.exe bin.v2\standalone\ac\msvc-12.0\debug\address-model-64\link-static\threading-multi\zdll.pdb...
...failed updating 2 targets...
...found 1 target...
...updating 1 target...
config-cache.write bin.v2\project-cache.jam
...updated 1 target...
